<?xml version="1.0" encoding="UTF-8"?>
<!-- Generated by org.testng.reporters.JUnitReportReporter -->
<testsuite skipped="2" hostname="Abduls-MacBook-Air.local" name="com.php.qa.testcases.LoginPageTest" tests="3" failures="0" timestamp="2020-07-27T16:14:25 IST" time="20.511" errors="0">
  <testcase name="LoginTest" time="20.511" classname="com.php.qa.testcases.LoginPageTest"/>
  <system-out/>
  <testcase name="PageTitleTest" classname="com.php.qa.testcases.LoginPageTest">
    <skipped/>
  </testcase> <!-- PageTitleTest -->
  <system-out/>
  <testcase name="LogoTest" classname="com.php.qa.testcases.LoginPageTest">
    <skipped/>
  </testcase> <!-- LogoTest -->
  <system-out/>
</testsuite> <!-- com.php.qa.testcases.LoginPageTest -->
